[  ERROR   ] --- Test failed with exception: Floating point exception(8)
[  PASSED  ] 0 test(s).
[  FAILED  ] 1 test(s), listed below:
[  FAILED  ] test_juliet_rtc

 1 FAILED TEST(S)
