#id:1#
#input:-10#

[  PASSED  ] 1 test(s).
############################

#id:2#
#input:0#

[  PASSED  ] 1 test(s).
############################

#id:3#
#input:10#

[  PASSED  ] 1 test(s).
############################

#id:4#
#input:-90#

[  PASSED  ] 1 test(s).
############################

#id:5#
#input:-50#

[  PASSED  ] 1 test(s).
############################

#id:6#
#input:-30#

[  PASSED  ] 1 test(s).
############################

#id:7#
#input:-1#

[  PASSED  ] 1 test(s).
############################

#id:8#
#input:-18#

[  PASSED  ] 1 test(s).
############################

#id:9#
#input:-14#

[  PASSED  ] 1 test(s).
############################

#id:10#
#input:-12#

[  PASSED  ] 1 test(s).
############################

#id:11#
#input:-11#

[  PASSED  ] 1 test(s).
############################

#id:12#
#input:510#

[  PASSED  ] 1 test(s).
############################

#id:13#
#input:-70#

[  PASSED  ] 1 test(s).
############################

#id:14#
#input:-20#

[  PASSED  ] 1 test(s).
############################

#id:15#
#input:-16#

[  PASSED  ] 1 test(s).
############################

#id:16#
#input:-13#

[  PASSED  ] 1 test(s).
############################

#id:17#
#input:310#

[  PASSED  ] 1 test(s).
############################

#id:18#
#input:-6#

[  PASSED  ] 1 test(s).
############################

#id:19#
#input:-2#

[  PASSED  ] 1 test(s).
############################

#id:20#
#input:110#

[  PASSED  ] 1 test(s).
############################

#id:21#
#input:210#

[  PASSED  ] 1 test(s).
############################

#id:22#
#input:410#

[  PASSED  ] 1 test(s).
############################

#id:23#
#input:610#

[  PASSED  ] 1 test(s).
############################

#id:24#
#input:710#

[  PASSED  ] 1 test(s).
############################

#id:25#
#input:810#

[  PASSED  ] 1 test(s).
############################

#id:26#
#input:910#

[  PASSED  ] 1 test(s).
############################

#id:27#
#input:-40#

[  PASSED  ] 1 test(s).
############################

#id:28#
#input:-60#

[  PASSED  ] 1 test(s).
############################

#id:29#
#input:-80#

[  PASSED  ] 1 test(s).
############################

#id:30#
#input:-15#

[  PASSED  ] 1 test(s).
############################

#id:31#
#input:-17#

[  PASSED  ] 1 test(s).
############################

#id:32#
#input:-19#

[  PASSED  ] 1 test(s).
############################

#id:33#
#input:-11010#

[  PASSED  ] 1 test(s).
############################

#id:34#
#input:2#

[  PASSED  ] 1 test(s).
############################

#id:35#
#input:4#

[  PASSED  ] 1 test(s).
############################

#id:36#
#input:-4#

[  PASSED  ] 1 test(s).
############################

#id:37#
#input:88#

[  PASSED  ] 1 test(s).
############################

#id:38#
#input:5#

[  PASSED  ] 1 test(s).
############################

#id:39#
#input:8#

[  PASSED  ] 1 test(s).
############################

#id:40#
#input:-2074054201#

[  PASSED  ] 1 test(s).
############################

#id:41#
#input:7#

[  PASSED  ] 1 test(s).
############################

#id:42#
#input:111#

[  PASSED  ] 1 test(s).
############################

#id:43#
#input:11#

[  PASSED  ] 1 test(s).
############################

#id:44#
#input:6#

[  PASSED  ] 1 test(s).
############################

#id:45#
#input:30786429#

[  ERROR   ] --- Test failed with exception: Segmentation fault(11)
[  PASSED  ] 0 test(s).
[  FAILED  ] 1 test(s), listed below:
[  FAILED  ] test_juliet_rtc

 1 FAILED TEST(S)
############################

#id:46#
#input:1#

[  PASSED  ] 1 test(s).
############################

#id:47#
#input:-410#

[  PASSED  ] 1 test(s).
############################

#id:48#
#input:3#

[  PASSED  ] 1 test(s).
############################

#id:49#
#input:-8#

[  PASSED  ] 1 test(s).
############################

#id:50#
#input:-10200#

[  PASSED  ] 1 test(s).
############################

#id:51#
#input:-114#

[  PASSED  ] 1 test(s).
############################

#id:52#
#input:51#

[  PASSED  ] 1 test(s).
############################

#id:53#
#input:-7#

[  PASSED  ] 1 test(s).
############################

#id:54#
#input:-13000#

[  PASSED  ] 1 test(s).
############################

#id:55#
#input:27#

[  PASSED  ] 1 test(s).
############################

#id:56#
#input:9#

[  PASSED  ] 1 test(s).
############################

#id:57#
#input:-5#

[  PASSED  ] 1 test(s).
############################

#id:58#
#input:1000#

[  PASSED  ] 1 test(s).
############################

#id:59#
#input:-110#

[  PASSED  ] 1 test(s).
############################

#id:60#
#input:71#

[  PASSED  ] 1 test(s).
############################

#id:61#
#input:31#

[  PASSED  ] 1 test(s).
############################

#id:62#
#input:61#

[  PASSED  ] 1 test(s).
############################

#id:63#
#input:-9#

[  PASSED  ] 1 test(s).
############################

#id:64#
#input:-180#

[  PASSED  ] 1 test(s).
############################

#id:65#
#input:22#

[  PASSED  ] 1 test(s).
############################

#id:66#
#input:55555#

[  ERROR   ] --- Test failed with exception: Segmentation fault(11)
[  PASSED  ] 0 test(s).
[  FAILED  ] 1 test(s), listed below:
[  FAILED  ] test_juliet_rtc

 1 FAILED TEST(S)
############################

#id:67#
#input:555#

[  PASSED  ] 1 test(s).
############################

#id:68#
#input:77#

[  PASSED  ] 1 test(s).
############################

#id:69#
#input:22222#

[  ERROR   ] --- Test failed with exception: Segmentation fault(11)
[  PASSED  ] 0 test(s).
[  FAILED  ] 1 test(s), listed below:
[  FAILED  ] test_juliet_rtc

 1 FAILED TEST(S)
############################

#id:70#
#input:99#

[  PASSED  ] 1 test(s).
############################

#id:71#
#input:33#

[  PASSED  ] 1 test(s).
############################

#id:72#
#input:44#

[  PASSED  ] 1 test(s).
############################

#id:73#
#input:-1474836480#

[  PASSED  ] 1 test(s).
############################

#id:74#
#input:1111181181#

[  ERROR   ] --- Test failed with exception: Bus error(7)
[  PASSED  ] 0 test(s).
[  FAILED  ] 1 test(s), listed below:
[  FAILED  ] test_juliet_rtc

 1 FAILED TEST(S)
############################

#id:75#
#input:111181#

[  ERROR   ] --- Test failed with exception: Segmentation fault(11)
[  PASSED  ] 0 test(s).
[  FAILED  ] 1 test(s), listed below:
[  FAILED  ] test_juliet_rtc

 1 FAILED TEST(S)
############################

#id:76#
#input:1111#

[  PASSED  ] 1 test(s).
############################

#id:77#
#input:911181#

[  ERROR   ] --- Test failed with exception: Segmentation fault(11)
[  PASSED  ] 0 test(s).
[  FAILED  ] 1 test(s), listed below:
[  FAILED  ] test_juliet_rtc

 1 FAILED TEST(S)
############################

#id:78#
#input:511181#

[  ERROR   ] --- Test failed with exception: Segmentation fault(11)
[  PASSED  ] 0 test(s).
[  FAILED  ] 1 test(s), listed below:
[  FAILED  ] test_juliet_rtc

 1 FAILED TEST(S)
############################

#id:79#
#input:311181#

[  ERROR   ] --- Test failed with exception: Segmentation fault(11)
[  PASSED  ] 0 test(s).
[  FAILED  ] 1 test(s), listed below:
[  FAILED  ] test_juliet_rtc

 1 FAILED TEST(S)
############################

#id:80#
#input:11181#

[  ERROR   ] --- Test failed with exception: Segmentation fault(11)
[  PASSED  ] 0 test(s).
[  FAILED  ] 1 test(s), listed below:
[  FAILED  ] test_juliet_rtc

 1 FAILED TEST(S)
############################

#id:81#
#input:191181#

[  ERROR   ] --- Test failed with exception: Segmentation fault(11)
[  PASSED  ] 0 test(s).
[  FAILED  ] 1 test(s), listed below:
[  FAILED  ] test_juliet_rtc

 1 FAILED TEST(S)
############################

#id:82#
#input:151181#

[  ERROR   ] --- Test failed with exception: Segmentation fault(11)
[  PASSED  ] 0 test(s).
[  FAILED  ] 1 test(s), listed below:
[  FAILED  ] test_juliet_rtc

 1 FAILED TEST(S)
############################

#id:83#
#input:131181#

[  ERROR   ] --- Test failed with exception: Segmentation fault(11)
[  PASSED  ] 0 test(s).
[  FAILED  ] 1 test(s), listed below:
[  FAILED  ] test_juliet_rtc

 1 FAILED TEST(S)
############################

#id:84#
#input:101181#

[  ERROR   ] --- Test failed with exception: Segmentation fault(11)
[  PASSED  ] 0 test(s).
[  FAILED  ] 1 test(s), listed below:
[  FAILED  ] test_juliet_rtc

 1 FAILED TEST(S)
############################

#id:85#
#input:119181#

[  ERROR   ] --- Test failed with exception: Segmentation fault(11)
[  PASSED  ] 0 test(s).
[  FAILED  ] 1 test(s), listed below:
[  FAILED  ] test_juliet_rtc

 1 FAILED TEST(S)
############################

#id:86#
#input:115181#

[  ERROR   ] --- Test failed with exception: Segmentation fault(11)
[  PASSED  ] 0 test(s).
[  FAILED  ] 1 test(s), listed below:
[  FAILED  ] test_juliet_rtc

 1 FAILED TEST(S)
############################

#id:87#
#input:113181#

[  ERROR   ] --- Test failed with exception: Segmentation fault(11)
[  PASSED  ] 0 test(s).
[  FAILED  ] 1 test(s), listed below:
[  FAILED  ] test_juliet_rtc

 1 FAILED TEST(S)
############################

#id:88#
#input:110181#

[  ERROR   ] --- Test failed with exception: Segmentation fault(11)
[  PASSED  ] 0 test(s).
[  FAILED  ] 1 test(s), listed below:
[  FAILED  ] test_juliet_rtc

 1 FAILED TEST(S)
############################

#id:89#
#input:111981#

[  ERROR   ] --- Test failed with exception: Segmentation fault(11)
[  PASSED  ] 0 test(s).
[  FAILED  ] 1 test(s), listed below:
[  FAILED  ] test_juliet_rtc

 1 FAILED TEST(S)
############################

#id:90#
#input:111581#

[  ERROR   ] --- Test failed with exception: Segmentation fault(11)
[  PASSED  ] 0 test(s).
[  FAILED  ] 1 test(s), listed below:
[  FAILED  ] test_juliet_rtc

 1 FAILED TEST(S)
############################

#id:91#
#input:111381#

[  ERROR   ] --- Test failed with exception: Segmentation fault(11)
[  PASSED  ] 0 test(s).
[  FAILED  ] 1 test(s), listed below:
[  FAILED  ] test_juliet_rtc

 1 FAILED TEST(S)
############################

#id:92#
#input:111081#

[  ERROR   ] --- Test failed with exception: Segmentation fault(11)
[  PASSED  ] 0 test(s).
[  FAILED  ] 1 test(s), listed below:
[  FAILED  ] test_juliet_rtc

 1 FAILED TEST(S)
############################

#id:93#
#input:111101#

[  ERROR   ] --- Test failed with exception: Segmentation fault(11)
[  PASSED  ] 0 test(s).
[  FAILED  ] 1 test(s), listed below:
[  FAILED  ] test_juliet_rtc

 1 FAILED TEST(S)
############################

#id:94#
#input:111191#

[  ERROR   ] --- Test failed with exception: Segmentation fault(11)
[  PASSED  ] 0 test(s).
[  FAILED  ] 1 test(s), listed below:
[  FAILED  ] test_juliet_rtc

 1 FAILED TEST(S)
############################

#id:95#
#input:11118#

[  ERROR   ] --- Test failed with exception: Segmentation fault(11)
[  PASSED  ] 0 test(s).
[  FAILED  ] 1 test(s), listed below:
[  FAILED  ] test_juliet_rtc

 1 FAILED TEST(S)
############################

#id:96#
#input:111189#

[  ERROR   ] --- Test failed with exception: Segmentation fault(11)
[  PASSED  ] 0 test(s).
[  FAILED  ] 1 test(s), listed below:
[  FAILED  ] test_juliet_rtc

 1 FAILED TEST(S)
############################

#id:97#
#input:111185#

[  ERROR   ] --- Test failed with exception: Segmentation fault(11)
[  PASSED  ] 0 test(s).
[  FAILED  ] 1 test(s), listed below:
[  FAILED  ] test_juliet_rtc

 1 FAILED TEST(S)
############################

#id:98#
#input:111183#

[  ERROR   ] --- Test failed with exception: Segmentation fault(11)
[  PASSED  ] 0 test(s).
[  FAILED  ] 1 test(s), listed below:
[  FAILED  ] test_juliet_rtc

 1 FAILED TEST(S)
############################

#id:99#
#input:111180#

[  ERROR   ] --- Test failed with exception: Segmentation fault(11)
[  PASSED  ] 0 test(s).
[  FAILED  ] 1 test(s), listed below:
[  FAILED  ] test_juliet_rtc

 1 FAILED TEST(S)
############################

#id:100#
#input:11118161#

[  ERROR   ] --- Test failed with exception: Segmentation fault(11)
[  PASSED  ] 0 test(s).
[  FAILED  ] 1 test(s), listed below:
[  FAILED  ] test_juliet_rtc

 1 FAILED TEST(S)
############################

#id:101#
#input:711181#

[  ERROR   ] --- Test failed with exception: Segmentation fault(11)
[  PASSED  ] 0 test(s).
[  FAILED  ] 1 test(s), listed below:
[  FAILED  ] test_juliet_rtc

 1 FAILED TEST(S)
############################

#id:102#
#input:211181#

[  ERROR   ] --- Test failed with exception: Segmentation fault(11)
[  PASSED  ] 0 test(s).
[  FAILED  ] 1 test(s), listed below:
[  FAILED  ] test_juliet_rtc

 1 FAILED TEST(S)
############################

#id:103#
#input:171181#

[  ERROR   ] --- Test failed with exception: Segmentation fault(11)
[  PASSED  ] 0 test(s).
[  FAILED  ] 1 test(s), listed below:
[  FAILED  ] test_juliet_rtc

 1 FAILED TEST(S)
############################

#id:104#
#input:121181#

[  ERROR   ] --- Test failed with exception: Segmentation fault(11)
[  PASSED  ] 0 test(s).
[  FAILED  ] 1 test(s), listed below:
[  FAILED  ] test_juliet_rtc

 1 FAILED TEST(S)
############################

#id:105#
#input:117181#

[  ERROR   ] --- Test failed with exception: Segmentation fault(11)
[  PASSED  ] 0 test(s).
[  FAILED  ] 1 test(s), listed below:
[  FAILED  ] test_juliet_rtc

 1 FAILED TEST(S)
############################

#id:106#
#input:112181#

[  ERROR   ] --- Test failed with exception: Segmentation fault(11)
[  PASSED  ] 0 test(s).
[  FAILED  ] 1 test(s), listed below:
[  FAILED  ] test_juliet_rtc

 1 FAILED TEST(S)
############################

#id:107#
#input:111781#

[  ERROR   ] --- Test failed with exception: Segmentation fault(11)
[  PASSED  ] 0 test(s).
[  FAILED  ] 1 test(s), listed below:
[  FAILED  ] test_juliet_rtc

 1 FAILED TEST(S)
############################

#id:108#
#input:111281#

[  ERROR   ] --- Test failed with exception: Segmentation fault(11)
[  PASSED  ] 0 test(s).
[  FAILED  ] 1 test(s), listed below:
[  FAILED  ] test_juliet_rtc

 1 FAILED TEST(S)
############################

#id:109#
#input:1110#

[  PASSED  ] 1 test(s).
############################

#id:110#
#input:111141#

[  ERROR   ] --- Test failed with exception: Segmentation fault(11)
[  PASSED  ] 0 test(s).
[  FAILED  ] 1 test(s), listed below:
[  FAILED  ] test_juliet_rtc

 1 FAILED TEST(S)
############################

#id:111#
#input:11119#

[  ERROR   ] --- Test failed with exception: Segmentation fault(11)
[  PASSED  ] 0 test(s).
[  FAILED  ] 1 test(s), listed below:
[  FAILED  ] test_juliet_rtc

 1 FAILED TEST(S)
############################

#id:112#
#input:111187#

[  ERROR   ] --- Test failed with exception: Segmentation fault(11)
[  PASSED  ] 0 test(s).
[  FAILED  ] 1 test(s), listed below:
[  FAILED  ] test_juliet_rtc

 1 FAILED TEST(S)
############################

#id:113#
#input:111182#

[  ERROR   ] --- Test failed with exception: Segmentation fault(11)
[  PASSED  ] 0 test(s).
[  FAILED  ] 1 test(s), listed below:
[  FAILED  ] test_juliet_rtc

 1 FAILED TEST(S)
############################

#id:114#
#input:16#

[  PASSED  ] 1 test(s).
############################

#id:115#
#input:12#

[  PASSED  ] 1 test(s).
############################

#id:116#
#input:116#

[  PASSED  ] 1 test(s).
############################

#id:117#
#input:112#

[  PASSED  ] 1 test(s).
############################

#id:118#
#input:1116#

[  PASSED  ] 1 test(s).
############################

#id:119#
#input:1112#

[  PASSED  ] 1 test(s).
############################

#id:120#
#input:111171#

[  ERROR   ] --- Test failed with exception: Segmentation fault(11)
[  PASSED  ] 0 test(s).
[  FAILED  ] 1 test(s), listed below:
[  FAILED  ] test_juliet_rtc

 1 FAILED TEST(S)
############################

#id:121#
#input:111186#

[  ERROR   ] --- Test failed with exception: Segmentation fault(11)
[  PASSED  ] 0 test(s).
[  FAILED  ] 1 test(s), listed below:
[  FAILED  ] test_juliet_rtc

 1 FAILED TEST(S)
############################

#id:122#
#input:11118181#

[  ERROR   ] --- Test failed with exception: Segmentation fault(11)
[  PASSED  ] 0 test(s).
[  FAILED  ] 1 test(s), listed below:
[  FAILED  ] test_juliet_rtc

 1 FAILED TEST(S)
############################

#id:123#
#input:411181#

[  ERROR   ] --- Test failed with exception: Segmentation fault(11)
[  PASSED  ] 0 test(s).
[  FAILED  ] 1 test(s), listed below:
[  FAILED  ] test_juliet_rtc

 1 FAILED TEST(S)
############################

#id:124#
#input:-11181#

[  PASSED  ] 1 test(s).
############################

#id:125#
#input:611181#

[  ERROR   ] --- Test failed with exception: Segmentation fault(11)
[  PASSED  ] 0 test(s).
[  FAILED  ] 1 test(s), listed below:
[  FAILED  ] test_juliet_rtc

 1 FAILED TEST(S)
############################

#id:126#
#input:811181#

[  ERROR   ] --- Test failed with exception: Segmentation fault(11)
[  PASSED  ] 0 test(s).
[  FAILED  ] 1 test(s), listed below:
[  FAILED  ] test_juliet_rtc

 1 FAILED TEST(S)
############################

#id:127#
#input:141181#

[  ERROR   ] --- Test failed with exception: Segmentation fault(11)
[  PASSED  ] 0 test(s).
[  FAILED  ] 1 test(s), listed below:
[  FAILED  ] test_juliet_rtc

 1 FAILED TEST(S)
############################

#id:128#
#input:161181#

[  ERROR   ] --- Test failed with exception: Segmentation fault(11)
[  PASSED  ] 0 test(s).
[  FAILED  ] 1 test(s), listed below:
[  FAILED  ] test_juliet_rtc

 1 FAILED TEST(S)
############################

#id:129#
#input:181181#

[  ERROR   ] --- Test failed with exception: Segmentation fault(11)
[  PASSED  ] 0 test(s).
[  FAILED  ] 1 test(s), listed below:
[  FAILED  ] test_juliet_rtc

 1 FAILED TEST(S)
############################

#id:130#
#input:114181#

[  ERROR   ] --- Test failed with exception: Segmentation fault(11)
[  PASSED  ] 0 test(s).
[  FAILED  ] 1 test(s), listed below:
[  FAILED  ] test_juliet_rtc

 1 FAILED TEST(S)
############################

#id:131#
#input:116181#

[  ERROR   ] --- Test failed with exception: Segmentation fault(11)
[  PASSED  ] 0 test(s).
[  FAILED  ] 1 test(s), listed below:
[  FAILED  ] test_juliet_rtc

 1 FAILED TEST(S)
############################

#id:132#
#input:118181#

[  ERROR   ] --- Test failed with exception: Segmentation fault(11)
[  PASSED  ] 0 test(s).
[  FAILED  ] 1 test(s), listed below:
[  FAILED  ] test_juliet_rtc

 1 FAILED TEST(S)
############################

#id:133#
#input:111481#

[  ERROR   ] --- Test failed with exception: Segmentation fault(11)
[  PASSED  ] 0 test(s).
[  FAILED  ] 1 test(s), listed below:
[  FAILED  ] test_juliet_rtc

 1 FAILED TEST(S)
############################

#id:134#
#input:111681#

[  ERROR   ] --- Test failed with exception: Segmentation fault(11)
[  PASSED  ] 0 test(s).
[  FAILED  ] 1 test(s), listed below:
[  FAILED  ] test_juliet_rtc

 1 FAILED TEST(S)
############################

#id:135#
#input:111881#

[  ERROR   ] --- Test failed with exception: Segmentation fault(11)
[  PASSED  ] 0 test(s).
[  FAILED  ] 1 test(s), listed below:
[  FAILED  ] test_juliet_rtc

 1 FAILED TEST(S)
############################

#id:136#
#input:111161#

[  ERROR   ] --- Test failed with exception: Segmentation fault(11)
[  PASSED  ] 0 test(s).
[  FAILED  ] 1 test(s), listed below:
[  FAILED  ] test_juliet_rtc

 1 FAILED TEST(S)
############################

#id:137#
#input:111151#

[  ERROR   ] --- Test failed with exception: Segmentation fault(11)
[  PASSED  ] 0 test(s).
[  FAILED  ] 1 test(s), listed below:
[  FAILED  ] test_juliet_rtc

 1 FAILED TEST(S)
############################

#id:138#
#input:111131#

[  ERROR   ] --- Test failed with exception: Segmentation fault(11)
[  PASSED  ] 0 test(s).
[  FAILED  ] 1 test(s), listed below:
[  FAILED  ] test_juliet_rtc

 1 FAILED TEST(S)
############################

#id:139#
#input:111121#

[  ERROR   ] --- Test failed with exception: Segmentation fault(11)
[  PASSED  ] 0 test(s).
[  FAILED  ] 1 test(s), listed below:
[  FAILED  ] test_juliet_rtc

 1 FAILED TEST(S)
############################

#id:140#
#input:111111#

[  ERROR   ] --- Test failed with exception: Segmentation fault(11)
[  PASSED  ] 0 test(s).
[  FAILED  ] 1 test(s), listed below:
[  FAILED  ] test_juliet_rtc

 1 FAILED TEST(S)
############################

#id:141#
#input:111184#

[  ERROR   ] --- Test failed with exception: Segmentation fault(11)
[  PASSED  ] 0 test(s).
[  FAILED  ] 1 test(s), listed below:
[  FAILED  ] test_juliet_rtc

 1 FAILED TEST(S)
############################

#id:142#
#input:111188#

[  ERROR   ] --- Test failed with exception: Segmentation fault(11)
[  PASSED  ] 0 test(s).
[  FAILED  ] 1 test(s), listed below:
[  FAILED  ] test_juliet_rtc

 1 FAILED TEST(S)
############################

#id:143#
#input:11118101#

[  ERROR   ] --- Test failed with exception: Segmentation fault(11)
[  PASSED  ] 0 test(s).
[  FAILED  ] 1 test(s), listed below:
[  FAILED  ] test_juliet_rtc

 1 FAILED TEST(S)
############################

#id:144#
#input:11118111#

[  ERROR   ] --- Test failed with exception: Segmentation fault(11)
[  PASSED  ] 0 test(s).
[  FAILED  ] 1 test(s), listed below:
[  FAILED  ] test_juliet_rtc

 1 FAILED TEST(S)
############################

#id:145#
#input:11118121#

[  ERROR   ] --- Test failed with exception: Segmentation fault(11)
[  PASSED  ] 0 test(s).
[  FAILED  ] 1 test(s), listed below:
[  FAILED  ] test_juliet_rtc

 1 FAILED TEST(S)
############################

#id:146#
#input:11118131#

[  ERROR   ] --- Test failed with exception: Segmentation fault(11)
[  PASSED  ] 0 test(s).
[  FAILED  ] 1 test(s), listed below:
[  FAILED  ] test_juliet_rtc

 1 FAILED TEST(S)
############################

#id:147#
#input:11118141#

[  ERROR   ] --- Test failed with exception: Segmentation fault(11)
[  PASSED  ] 0 test(s).
[  FAILED  ] 1 test(s), listed below:
[  FAILED  ] test_juliet_rtc

 1 FAILED TEST(S)
############################

#id:148#
#input:11118151#

[  ERROR   ] --- Test failed with exception: Segmentation fault(11)
[  PASSED  ] 0 test(s).
[  FAILED  ] 1 test(s), listed below:
[  FAILED  ] test_juliet_rtc

 1 FAILED TEST(S)
############################

#id:149#
#input:11118171#

[  ERROR   ] --- Test failed with exception: Segmentation fault(11)
[  PASSED  ] 0 test(s).
[  FAILED  ] 1 test(s), listed below:
[  FAILED  ] test_juliet_rtc

 1 FAILED TEST(S)
############################

#id:150#
#input:11118191#

[  ERROR   ] --- Test failed with exception: Segmentation fault(11)
[  PASSED  ] 0 test(s).
[  FAILED  ] 1 test(s), listed below:
[  FAILED  ] test_juliet_rtc

 1 FAILED TEST(S)
############################

#id:151#
#input:1111811#

[  ERROR   ] --- Test failed with exception: Segmentation fault(11)
[  PASSED  ] 0 test(s).
[  FAILED  ] 1 test(s), listed below:
[  FAILED  ] test_juliet_rtc

 1 FAILED TEST(S)
############################

#id:152#
#input:11111#

[  ERROR   ] --- Test failed with exception: Segmentation fault(11)
[  PASSED  ] 0 test(s).
[  FAILED  ] 1 test(s), listed below:
[  FAILED  ] test_juliet_rtc

 1 FAILED TEST(S)
############################

#id:153#
#input:1111114#

[  ERROR   ] --- Test failed with exception: Segmentation fault(11)
[  PASSED  ] 0 test(s).
[  FAILED  ] 1 test(s), listed below:
[  FAILED  ] test_juliet_rtc

 1 FAILED TEST(S)
############################

#id:154#
#input:181#

[  PASSED  ] 1 test(s).
############################

#id:155#
#input:1111081#

[  ERROR   ] --- Test failed with exception: Segmentation fault(11)
[  PASSED  ] 0 test(s).
[  FAILED  ] 1 test(s), listed below:
[  FAILED  ] test_juliet_rtc

 1 FAILED TEST(S)
############################

#id:156#
#input:171#

[  PASSED  ] 1 test(s).
############################

#id:157#
#input:1101#

[  PASSED  ] 1 test(s).
############################

#id:158#
#input:7877#

[  ERROR   ] --- Test failed with exception: Segmentation fault(11)
[  PASSED  ] 0 test(s).
[  FAILED  ] 1 test(s), listed below:
[  FAILED  ] test_juliet_rtc

 1 FAILED TEST(S)
############################

#id:159#
#input:1118#

[  PASSED  ] 1 test(s).
############################

#id:160#
#input:1484#

[  PASSED  ] 1 test(s).
############################

#id:161#
#input:1911#

[  PASSED  ] 1 test(s).
############################

#id:162#
#input:11181181#

[  ERROR   ] --- Test failed with exception: Segmentation fault(11)
[  PASSED  ] 0 test(s).
[  FAILED  ] 1 test(s), listed below:
[  FAILED  ] test_juliet_rtc

 1 FAILED TEST(S)
############################

#id:163#
#input:1111181#

[  ERROR   ] --- Test failed with exception: Segmentation fault(11)
[  PASSED  ] 0 test(s).
[  FAILED  ] 1 test(s), listed below:
[  FAILED  ] test_juliet_rtc

 1 FAILED TEST(S)
############################

#id:164#
#input:115#

[  PASSED  ] 1 test(s).
############################

#id:165#
#input:1711#

[  PASSED  ] 1 test(s).
############################

#id:166#
#input:19#

[  PASSED  ] 1 test(s).
############################

#id:167#
#input:81#

[  PASSED  ] 1 test(s).
############################

#id:168#
#input:311581#

[  ERROR   ] --- Test failed with exception: Segmentation fault(11)
[  PASSED  ] 0 test(s).
[  FAILED  ] 1 test(s), listed below:
[  FAILED  ] test_juliet_rtc

 1 FAILED TEST(S)
############################

#id:169#
#input:11111111#

[  ERROR   ] --- Test failed with exception: Segmentation fault(11)
[  PASSED  ] 0 test(s).
[  FAILED  ] 1 test(s), listed below:
[  FAILED  ] test_juliet_rtc

 1 FAILED TEST(S)
############################

#id:170#
#input:118111181#

[  ERROR   ] --- Test failed with exception: Segmentation fault(11)
[  PASSED  ] 0 test(s).
[  FAILED  ] 1 test(s), listed below:
[  FAILED  ] test_juliet_rtc

 1 FAILED TEST(S)
############################

#id:171#
#input:33333#

[  ERROR   ] --- Test failed with exception: Segmentation fault(11)
[  PASSED  ] 0 test(s).
[  FAILED  ] 1 test(s), listed below:
[  FAILED  ] test_juliet_rtc

 1 FAILED TEST(S)
############################

#id:172#
#input:13#

[  PASSED  ] 1 test(s).
############################

#id:173#
#input:191#

[  PASSED  ] 1 test(s).
############################

#id:174#
#input:15118181#

[  ERROR   ] --- Test failed with exception: Segmentation fault(11)
[  PASSED  ] 0 test(s).
[  FAILED  ] 1 test(s), listed below:
[  FAILED  ] test_juliet_rtc

 1 FAILED TEST(S)
############################

#id:175#
#input:119881#

[  ERROR   ] --- Test failed with exception: Segmentation fault(11)
[  PASSED  ] 0 test(s).
[  FAILED  ] 1 test(s), listed below:
[  FAILED  ] test_juliet_rtc

 1 FAILED TEST(S)
############################

#id:176#
#input:811191#

[  ERROR   ] --- Test failed with exception: Segmentation fault(11)
[  PASSED  ] 0 test(s).
[  FAILED  ] 1 test(s), listed below:
[  FAILED  ] test_juliet_rtc

 1 FAILED TEST(S)
############################

#id:177#
#input:131#

[  PASSED  ] 1 test(s).
############################

#id:178#
#input:611611#

[  ERROR   ] --- Test failed with exception: Segmentation fault(11)
[  PASSED  ] 0 test(s).
[  FAILED  ] 1 test(s), listed below:
[  FAILED  ] test_juliet_rtc

 1 FAILED TEST(S)
############################

#id:179#
#input:611#

[  PASSED  ] 1 test(s).
############################

#id:180#
#input:110189#

[  ERROR   ] --- Test failed with exception: Segmentation fault(11)
[  PASSED  ] 0 test(s).
[  FAILED  ] 1 test(s), listed below:
[  FAILED  ] test_juliet_rtc

 1 FAILED TEST(S)
############################

#id:181#
#input:1111818#

[  ERROR   ] --- Test failed with exception: Segmentation fault(11)
[  PASSED  ] 0 test(s).
[  FAILED  ] 1 test(s), listed below:
[  FAILED  ] test_juliet_rtc

 1 FAILED TEST(S)
############################

#id:182#
#input:1018110181#

[  ERROR   ] --- Test failed with exception: Segmentation fault(11)
[  PASSED  ] 0 test(s).
[  FAILED  ] 1 test(s), listed below:
[  FAILED  ] test_juliet_rtc

 1 FAILED TEST(S)
############################

#id:183#
#input:777777#

[  ERROR   ] --- Test failed with exception: Segmentation fault(11)
[  PASSED  ] 0 test(s).
[  FAILED  ] 1 test(s), listed below:
[  FAILED  ] test_juliet_rtc

 1 FAILED TEST(S)
############################

#id:184#
#input:-1766790707#

[  PASSED  ] 1 test(s).
############################

#id:185#
#input:18#

[  PASSED  ] 1 test(s).
############################

#id:186#
#input:1151#

[  PASSED  ] 1 test(s).
############################

#id:187#
#input:1410065407#

[  ERROR   ] --- Test failed with exception: Bus error(7)
[  PASSED  ] 0 test(s).
[  FAILED  ] 1 test(s), listed below:
[  FAILED  ] test_juliet_rtc

 1 FAILED TEST(S)
############################

#id:188#
#input:11188#

[  ERROR   ] --- Test failed with exception: Segmentation fault(11)
[  PASSED  ] 0 test(s).
[  FAILED  ] 1 test(s), listed below:
[  FAILED  ] test_juliet_rtc

 1 FAILED TEST(S)
############################

#id:189#
#input:10118#

[  ERROR   ] --- Test failed with exception: Segmentation fault(11)
[  PASSED  ] 0 test(s).
[  FAILED  ] 1 test(s), listed below:
[  FAILED  ] test_juliet_rtc

 1 FAILED TEST(S)
############################

#id:190#
#input:1181#

[  PASSED  ] 1 test(s).
############################

#id:191#
#input:-1223331385#

[  PASSED  ] 1 test(s).
############################

#id:192#
#input:66#

[  PASSED  ] 1 test(s).
############################

#id:193#
#input:111111111#

[  ERROR   ] --- Test failed with exception: Segmentation fault(11)
[  PASSED  ] 0 test(s).
[  FAILED  ] 1 test(s), listed below:
[  FAILED  ] test_juliet_rtc

 1 FAILED TEST(S)
############################

#id:194#
#input:1111111181#

[  ERROR   ] --- Test failed with exception: Bus error(7)
[  PASSED  ] 0 test(s).
[  FAILED  ] 1 test(s), listed below:
[  FAILED  ] test_juliet_rtc

 1 FAILED TEST(S)
############################

#id:195#
#input:587427869#

[  ERROR   ] --- Test failed with exception: Segmentation fault(11)
[  PASSED  ] 0 test(s).
[  FAILED  ] 1 test(s), listed below:
[  FAILED  ] test_juliet_rtc

 1 FAILED TEST(S)
############################

#id:196#
#input:-100000000#

[  PASSED  ] 1 test(s).
############################

#id:197#
#input:-727379969#

[  PASSED  ] 1 test(s).
############################

#id:198#
#input:72#

[  PASSED  ] 1 test(s).
############################

#id:199#
#input:9959999#

[  ERROR   ] --- Test failed with exception: Segmentation fault(11)
[  PASSED  ] 0 test(s).
[  FAILED  ] 1 test(s), listed below:
[  FAILED  ] test_juliet_rtc

 1 FAILED TEST(S)
############################

#id:200#
#input:93#

[  PASSED  ] 1 test(s).
############################

#id:201#
#input:-1688615140#

[  PASSED  ] 1 test(s).
############################

#id:202#
#input:11116811#

[  ERROR   ] --- Test failed with exception: Segmentation fault(11)
[  PASSED  ] 0 test(s).
[  FAILED  ] 1 test(s), listed below:
[  FAILED  ] test_juliet_rtc

 1 FAILED TEST(S)
############################

#id:203#
#input:11168#

[  ERROR   ] --- Test failed with exception: Segmentation fault(11)
[  PASSED  ] 0 test(s).
[  FAILED  ] 1 test(s), listed below:
[  FAILED  ] test_juliet_rtc

 1 FAILED TEST(S)
############################

#id:204#
#input:1848888#

[  ERROR   ] --- Test failed with exception: Segmentation fault(11)
[  PASSED  ] 0 test(s).
[  FAILED  ] 1 test(s), listed below:
[  FAILED  ] test_juliet_rtc

 1 FAILED TEST(S)
############################

#id:205#
#input:-111#

[  PASSED  ] 1 test(s).
############################

#id:206#
#input:888#

[  PASSED  ] 1 test(s).
############################

#id:207#
#input:-11185#

[  PASSED  ] 1 test(s).
############################

#id:208#
#input:1111111111#

[  ERROR   ] --- Test failed with exception: Segmentation fault(11)
[  PASSED  ] 0 test(s).
[  FAILED  ] 1 test(s), listed below:
[  FAILED  ] test_juliet_rtc

 1 FAILED TEST(S)
############################

#id:209#
#input:11111181#

[  ERROR   ] --- Test failed with exception: Segmentation fault(11)
[  PASSED  ] 0 test(s).
[  FAILED  ] 1 test(s), listed below:
[  FAILED  ] test_juliet_rtc

 1 FAILED TEST(S)
############################

#id:210#
#input:159181#

[  ERROR   ] --- Test failed with exception: Segmentation fault(11)
[  PASSED  ] 0 test(s).
[  FAILED  ] 1 test(s), listed below:
[  FAILED  ] test_juliet_rtc

 1 FAILED TEST(S)
############################

#id:211#
#input:1511#

[  PASSED  ] 1 test(s).
############################

#id:212#
#input:-51311#

[  PASSED  ] 1 test(s).
############################

#id:213#
#input:-1181#

[  PASSED  ] 1 test(s).
############################

#id:214#
#input:184298154#

[  ERROR   ] --- Test failed with exception: Segmentation fault(11)
[  PASSED  ] 0 test(s).
[  FAILED  ] 1 test(s), listed below:
[  FAILED  ] test_juliet_rtc

 1 FAILED TEST(S)
############################

#id:215#
#input:85#

[  PASSED  ] 1 test(s).
############################

#id:216#
#input:-11171#

[  PASSED  ] 1 test(s).
############################

#id:217#
#input:4111818#

[  ERROR   ] --- Test failed with exception: Segmentation fault(11)
[  PASSED  ] 0 test(s).
[  FAILED  ] 1 test(s), listed below:
[  FAILED  ] test_juliet_rtc

 1 FAILED TEST(S)
############################

#id:218#
#input:151#

[  PASSED  ] 1 test(s).
############################

#id:219#
#input:211#

[  PASSED  ] 1 test(s).
############################

#id:220#
#input:1111111#

[  ERROR   ] --- Test failed with exception: Segmentation fault(11)
[  PASSED  ] 0 test(s).
[  FAILED  ] 1 test(s), listed below:
[  FAILED  ] test_juliet_rtc

 1 FAILED TEST(S)
############################

#id:221#
#input:180#

[  PASSED  ] 1 test(s).
############################

#id:222#
#input:11110#

[  ERROR   ] --- Test failed with exception: Segmentation fault(11)
[  PASSED  ] 0 test(s).
[  FAILED  ] 1 test(s), listed below:
[  FAILED  ] test_juliet_rtc

 1 FAILED TEST(S)
############################

#id:223#
#input:1189#

[  PASSED  ] 1 test(s).
############################

#id:224#
#input:38#

[  PASSED  ] 1 test(s).
############################

#id:225#
#input:101#

[  PASSED  ] 1 test(s).
############################

#id:226#
#input:111181118#

[  ERROR   ] --- Test failed with exception: Segmentation fault(11)
[  PASSED  ] 0 test(s).
[  FAILED  ] 1 test(s), listed below:
[  FAILED  ] test_juliet_rtc

 1 FAILED TEST(S)
############################

#id:227#
#input:1111118#

[  ERROR   ] --- Test failed with exception: Segmentation fault(11)
[  PASSED  ] 0 test(s).
[  FAILED  ] 1 test(s), listed below:
[  FAILED  ] test_juliet_rtc

 1 FAILED TEST(S)
############################

#id:228#
#input:41#

[  PASSED  ] 1 test(s).
############################

#id:229#
#input:1518129#

[  ERROR   ] --- Test failed with exception: Segmentation fault(11)
[  PASSED  ] 0 test(s).
[  FAILED  ] 1 test(s), listed below:
[  FAILED  ] test_juliet_rtc

 1 FAILED TEST(S)
############################

#id:230#
#input:-1037027101#

[  PASSED  ] 1 test(s).
############################

#id:231#
#input:4444444#

[  ERROR   ] --- Test failed with exception: Segmentation fault(11)
[  PASSED  ] 0 test(s).
[  FAILED  ] 1 test(s), listed below:
[  FAILED  ] test_juliet_rtc

 1 FAILED TEST(S)
############################

#id:232#
#input:-31181#

[  PASSED  ] 1 test(s).
############################

#id:233#
#input:-1118#

[  PASSED  ] 1 test(s).
############################

#id:234#
#input:141#

[  PASSED  ] 1 test(s).
############################

#id:235#
#input:1888#

[  PASSED  ] 1 test(s).
############################

#id:236#
#input:200000#

[  ERROR   ] --- Test failed with exception: Segmentation fault(11)
[  PASSED  ] 0 test(s).
[  FAILED  ] 1 test(s), listed below:
[  FAILED  ] test_juliet_rtc

 1 FAILED TEST(S)
############################

#id:237#
#input:-1111111#

[  PASSED  ] 1 test(s).
############################

#id:238#
#input:-1918#

[  PASSED  ] 1 test(s).
############################

#id:239#
#input:68#

[  PASSED  ] 1 test(s).
############################

#id:240#
#input:212181#

[  ERROR   ] --- Test failed with exception: Segmentation fault(11)
[  PASSED  ] 0 test(s).
[  FAILED  ] 1 test(s), listed below:
[  FAILED  ] test_juliet_rtc

 1 FAILED TEST(S)
############################

#id:241#
#input:1515#

[  PASSED  ] 1 test(s).
############################

#id:242#
#input:-81#

[  PASSED  ] 1 test(s).
############################

#id:243#
#input:-11111#

[  PASSED  ] 1 test(s).
############################

#id:244#
#input:14181#

[  ERROR   ] --- Test failed with exception: Segmentation fault(11)
[  PASSED  ] 0 test(s).
[  FAILED  ] 1 test(s), listed below:
[  FAILED  ] test_juliet_rtc

 1 FAILED TEST(S)
############################

#id:245#
#input:1111131#

[  ERROR   ] --- Test failed with exception: Segmentation fault(11)
[  PASSED  ] 0 test(s).
[  FAILED  ] 1 test(s), listed below:
[  FAILED  ] test_juliet_rtc

 1 FAILED TEST(S)
############################

#id:246#
#input:11681#

[  ERROR   ] --- Test failed with exception: Segmentation fault(11)
[  PASSED  ] 0 test(s).
[  FAILED  ] 1 test(s), listed below:
[  FAILED  ] test_juliet_rtc

 1 FAILED TEST(S)
############################

#id:247#
#input:11111881#

[  ERROR   ] --- Test failed with exception: Segmentation fault(11)
[  PASSED  ] 0 test(s).
[  FAILED  ] 1 test(s), listed below:
[  FAILED  ] test_juliet_rtc

 1 FAILED TEST(S)
############################

#id:248#
#input:122#

[  PASSED  ] 1 test(s).
############################

#id:249#
#input:1811184#

[  ERROR   ] --- Test failed with exception: Segmentation fault(11)
[  PASSED  ] 0 test(s).
[  FAILED  ] 1 test(s), listed below:
[  FAILED  ] test_juliet_rtc

 1 FAILED TEST(S)
############################

#id:250#
#input:888181#

[  ERROR   ] --- Test failed with exception: Segmentation fault(11)
[  PASSED  ] 0 test(s).
[  FAILED  ] 1 test(s), listed below:
[  FAILED  ] test_juliet_rtc

 1 FAILED TEST(S)
############################

#id:251#
#input:1491#

[  PASSED  ] 1 test(s).
############################

#id:252#
#input:3111#

[  PASSED  ] 1 test(s).
############################

#id:253#
#input:19118#

[  ERROR   ] --- Test failed with exception: Segmentation fault(11)
[  PASSED  ] 0 test(s).
[  FAILED  ] 1 test(s), listed below:
[  FAILED  ] test_juliet_rtc

 1 FAILED TEST(S)
############################

#id:254#
#input:11686#

[  ERROR   ] --- Test failed with exception: Segmentation fault(11)
[  PASSED  ] 0 test(s).
[  FAILED  ] 1 test(s), listed below:
[  FAILED  ] test_juliet_rtc

 1 FAILED TEST(S)
############################

#id:255#
#input:111811#

[  ERROR   ] --- Test failed with exception: Segmentation fault(11)
[  PASSED  ] 0 test(s).
[  FAILED  ] 1 test(s), listed below:
[  FAILED  ] test_juliet_rtc

 1 FAILED TEST(S)
############################

#id:256#
#input:118#

[  PASSED  ] 1 test(s).
############################

#id:257#
#input:121#

[  PASSED  ] 1 test(s).
############################

#id:258#
#input:911#

[  PASSED  ] 1 test(s).
############################

#id:259#
#input:923797902#

[  ERROR   ] --- Test failed with exception: Segmentation fault(11)
[  PASSED  ] 0 test(s).
[  FAILED  ] 1 test(s), listed below:
[  FAILED  ] test_juliet_rtc

 1 FAILED TEST(S)
############################

#id:260#
#input:91#

[  PASSED  ] 1 test(s).
############################

#id:261#
#input:111116#

[  ERROR   ] --- Test failed with exception: Segmentation fault(11)
[  PASSED  ] 0 test(s).
[  FAILED  ] 1 test(s), listed below:
[  FAILED  ] test_juliet_rtc

 1 FAILED TEST(S)
############################

#id:262#
#input:11818#

[  ERROR   ] --- Test failed with exception: Segmentation fault(11)
[  PASSED  ] 0 test(s).
[  FAILED  ] 1 test(s), listed below:
[  FAILED  ] test_juliet_rtc

 1 FAILED TEST(S)
############################

#id:263#
#input:195#

[  PASSED  ] 1 test(s).
############################

#id:264#
#input:21113#

[  ERROR   ] --- Test failed with exception: Segmentation fault(11)
[  PASSED  ] 0 test(s).
[  FAILED  ] 1 test(s), listed below:
[  FAILED  ] test_juliet_rtc

 1 FAILED TEST(S)
############################

#id:265#
#input:115180#

[  ERROR   ] --- Test failed with exception: Segmentation fault(11)
[  PASSED  ] 0 test(s).
[  FAILED  ] 1 test(s), listed below:
[  FAILED  ] test_juliet_rtc

 1 FAILED TEST(S)
############################

#id:266#
#input:-12381#

[  PASSED  ] 1 test(s).
############################

#id:267#
#input:1311#

[  PASSED  ] 1 test(s).
############################

#id:268#
#input:15#

[  PASSED  ] 1 test(s).
############################

#id:269#
#input:111811118#

[  ERROR   ] --- Test failed with exception: Segmentation fault(11)
[  PASSED  ] 0 test(s).
[  FAILED  ] 1 test(s), listed below:
[  FAILED  ] test_juliet_rtc

 1 FAILED TEST(S)
############################

#id:270#
#input:62#

[  PASSED  ] 1 test(s).
############################

#id:271#
#input:1811#

[  PASSED  ] 1 test(s).
############################

#id:272#
#input:1111118181#

[  ERROR   ] --- Test failed with exception: Segmentation fault(11)
[  PASSED  ] 0 test(s).
[  FAILED  ] 1 test(s), listed below:
[  FAILED  ] test_juliet_rtc

 1 FAILED TEST(S)
############################

#id:273#
#input:-1118171#

[  PASSED  ] 1 test(s).
############################

#id:274#
#input:711981#

[  ERROR   ] --- Test failed with exception: Segmentation fault(11)
[  PASSED  ] 0 test(s).
[  FAILED  ] 1 test(s), listed below:
[  FAILED  ] test_juliet_rtc

 1 FAILED TEST(S)
############################

#id:275#
#input:-1118811#

[  PASSED  ] 1 test(s).
############################

#id:276#
#input:90000000#

[  ERROR   ] --- Test failed with exception: Bus error(7)
[  PASSED  ] 0 test(s).
[  FAILED  ] 1 test(s), listed below:
[  FAILED  ] test_juliet_rtc

 1 FAILED TEST(S)
############################

#id:277#
#input:75#

[  PASSED  ] 1 test(s).
############################

#id:278#
#input:21#

[  PASSED  ] 1 test(s).
############################

#id:279#
#input:11191#

[  ERROR   ] --- Test failed with exception: Segmentation fault(11)
[  PASSED  ] 0 test(s).
[  FAILED  ] 1 test(s), listed below:
[  FAILED  ] test_juliet_rtc

 1 FAILED TEST(S)
############################

#id:280#
#input:831#

[  PASSED  ] 1 test(s).
############################

#id:281#
#input:651588039#

[  ERROR   ] --- Test failed with exception: Segmentation fault(11)
[  PASSED  ] 0 test(s).
[  FAILED  ] 1 test(s), listed below:
[  FAILED  ] test_juliet_rtc

 1 FAILED TEST(S)
############################

#id:282#
#input:-3#

[  PASSED  ] 1 test(s).
############################

#id:283#
#input:8888#

[  ERROR   ] --- Test failed with exception: Segmentation fault(11)
[  PASSED  ] 0 test(s).
[  FAILED  ] 1 test(s), listed below:
[  FAILED  ] test_juliet_rtc

 1 FAILED TEST(S)
############################

#id:284#
#input:-84#

[  PASSED  ] 1 test(s).
############################

#id:285#
#input:-11111181#

[  PASSED  ] 1 test(s).
############################

#id:286#
#input:-131#

[  PASSED  ] 1 test(s).
############################

#id:287#
#input:89#

[  PASSED  ] 1 test(s).
############################

#id:288#
#input:52#

[  PASSED  ] 1 test(s).
############################

#id:289#
#input:1117#

[  PASSED  ] 1 test(s).
############################

#id:290#
#input:1411#

[  PASSED  ] 1 test(s).
############################

#id:291#
#input:111118#

[  ERROR   ] --- Test failed with exception: Segmentation fault(11)
[  PASSED  ] 0 test(s).
[  FAILED  ] 1 test(s), listed below:
[  FAILED  ] test_juliet_rtc

 1 FAILED TEST(S)
############################

#id:292#
#input:111211112#

[  ERROR   ] --- Test failed with exception: Segmentation fault(11)
[  PASSED  ] 0 test(s).
[  FAILED  ] 1 test(s), listed below:
[  FAILED  ] test_juliet_rtc

 1 FAILED TEST(S)
############################

#id:293#
#input:1284058601#

[  ERROR   ] --- Test failed with exception: Segmentation fault(11)
[  PASSED  ] 0 test(s).
[  FAILED  ] 1 test(s), listed below:
[  FAILED  ] test_juliet_rtc

 1 FAILED TEST(S)
############################

#id:294#
#input:130#

[  PASSED  ] 1 test(s).
############################

#id:295#
#input:20#

[  PASSED  ] 1 test(s).
############################

#id:296#
#input:8000#

[  ERROR   ] --- Test failed with exception: Segmentation fault(11)
[  PASSED  ] 0 test(s).
[  FAILED  ] 1 test(s), listed below:
[  FAILED  ] test_juliet_rtc

 1 FAILED TEST(S)
############################

#id:297#
#input:100#

[  PASSED  ] 1 test(s).
############################

#id:298#
#input:18888#

[  ERROR   ] --- Test failed with exception: Segmentation fault(11)
[  PASSED  ] 0 test(s).
[  FAILED  ] 1 test(s), listed below:
[  FAILED  ] test_juliet_rtc

 1 FAILED TEST(S)
############################

#id:299#
#input:11018#

[  ERROR   ] --- Test failed with exception: Segmentation fault(11)
[  PASSED  ] 0 test(s).
[  FAILED  ] 1 test(s), listed below:
[  FAILED  ] test_juliet_rtc

 1 FAILED TEST(S)
############################

#id:300#
#input:57#

[  PASSED  ] 1 test(s).
############################

#id:301#
#input:-118#

[  PASSED  ] 1 test(s).
############################

#id:302#
#input:18181#

[  ERROR   ] --- Test failed with exception: Segmentation fault(11)
[  PASSED  ] 0 test(s).
[  FAILED  ] 1 test(s), listed below:
[  FAILED  ] test_juliet_rtc

 1 FAILED TEST(S)
############################

#id:303#
#input:-1111#

[  PASSED  ] 1 test(s).
############################

#id:304#
#input:-1118163#

[  PASSED  ] 1 test(s).
############################

#id:305#
#input:-2089017400#

[  PASSED  ] 1 test(s).
############################

#id:306#
#input:811#

[  PASSED  ] 1 test(s).
############################

#id:307#
#input:-31#

[  PASSED  ] 1 test(s).
############################

#id:308#
#input:11108#

[  ERROR   ] --- Test failed with exception: Segmentation fault(11)
[  PASSED  ] 0 test(s).
[  FAILED  ] 1 test(s), listed below:
[  FAILED  ] test_juliet_rtc

 1 FAILED TEST(S)
############################

#id:309#
#input:-11081#

[  PASSED  ] 1 test(s).
############################

#id:310#
#input:-1410527695#

[  PASSED  ] 1 test(s).
############################

#id:311#
#input:11111811#

[  ERROR   ] --- Test failed with exception: Segmentation fault(11)
[  PASSED  ] 0 test(s).
[  FAILED  ] 1 test(s), listed below:
[  FAILED  ] test_juliet_rtc

 1 FAILED TEST(S)
############################

#id:312#
#input:-557968515#

[  PASSED  ] 1 test(s).
############################

#id:313#
#input:17181#

[  ERROR   ] --- Test failed with exception: Segmentation fault(11)
[  PASSED  ] 0 test(s).
[  FAILED  ] 1 test(s), listed below:
[  FAILED  ] test_juliet_rtc

 1 FAILED TEST(S)
############################

#id:314#
#input:14#

[  PASSED  ] 1 test(s).
############################

#id:315#
#input:999#

[  PASSED  ] 1 test(s).
############################

#id:316#
#input:444444#

[  ERROR   ] --- Test failed with exception: Segmentation fault(11)
[  PASSED  ] 0 test(s).
[  FAILED  ] 1 test(s), listed below:
[  FAILED  ] test_juliet_rtc

 1 FAILED TEST(S)
############################

#id:317#
#input:-651588039#

[  PASSED  ] 1 test(s).
############################

#id:318#
#input:58#

[  PASSED  ] 1 test(s).
############################

#id:319#
#input:881#

[  PASSED  ] 1 test(s).
############################

#id:320#
#input:-1188#

[  PASSED  ] 1 test(s).
############################

#id:321#
#input:1011#

[  PASSED  ] 1 test(s).
############################

#id:322#
#input:-111951#

[  PASSED  ] 1 test(s).
############################

#id:323#
#input:-11186#

[  PASSED  ] 1 test(s).
############################

#id:324#
#input:-1674115755#

[  PASSED  ] 1 test(s).
############################

#id:325#
#input:118101#

[  ERROR   ] --- Test failed with exception: Segmentation fault(11)
[  PASSED  ] 0 test(s).
[  FAILED  ] 1 test(s), listed below:
[  FAILED  ] test_juliet_rtc

 1 FAILED TEST(S)
############################

#id:326#
#input:222222#

[  ERROR   ] --- Test failed with exception: Segmentation fault(11)
[  PASSED  ] 0 test(s).
[  FAILED  ] 1 test(s), listed below:
[  FAILED  ] test_juliet_rtc

 1 FAILED TEST(S)
############################

#id:327#
#input:1313#

[  PASSED  ] 1 test(s).
############################

#id:328#
#input:161#

[  PASSED  ] 1 test(s).
############################

#id:329#
#input:111111181#

[  ERROR   ] --- Test failed with exception: Segmentation fault(11)
[  PASSED  ] 0 test(s).
[  FAILED  ] 1 test(s), listed below:
[  FAILED  ] test_juliet_rtc

 1 FAILED TEST(S)
############################

#id:330#
#input:55#

[  PASSED  ] 1 test(s).
############################

#id:331#
#input:80#

[  PASSED  ] 1 test(s).
############################

#id:332#
#input:110110#

[  ERROR   ] --- Test failed with exception: Segmentation fault(11)
[  PASSED  ] 0 test(s).
[  FAILED  ] 1 test(s), listed below:
[  FAILED  ] test_juliet_rtc

 1 FAILED TEST(S)
############################

#id:333#
#input:17#

[  PASSED  ] 1 test(s).
############################

#id:334#
#input:1113#

[  PASSED  ] 1 test(s).
############################

#id:335#
#input:50#

[  PASSED  ] 1 test(s).
############################

#id:336#
#input:-1111111111#

[  PASSED  ] 1 test(s).
############################

#id:337#
#input:11178101#

[  ERROR   ] --- Test failed with exception: Segmentation fault(11)
[  PASSED  ] 0 test(s).
[  FAILED  ] 1 test(s), listed below:
[  FAILED  ] test_juliet_rtc

 1 FAILED TEST(S)
############################

#id:338#
#input:-1733790777#

[  PASSED  ] 1 test(s).
############################

#id:339#
#input:77777#

[  ERROR   ] --- Test failed with exception: Segmentation fault(11)
[  PASSED  ] 0 test(s).
[  FAILED  ] 1 test(s), listed below:
[  FAILED  ] test_juliet_rtc

 1 FAILED TEST(S)
############################

#id:340#
#input:-91181#

[  PASSED  ] 1 test(s).
############################

#id:341#
#input:-111815#

[  PASSED  ] 1 test(s).
############################

#id:342#
#input:-311#

[  PASSED  ] 1 test(s).
############################

#id:343#
#input:111586#

[  ERROR   ] --- Test failed with exception: Segmentation fault(11)
[  PASSED  ] 0 test(s).
[  FAILED  ] 1 test(s), listed below:
[  FAILED  ] test_juliet_rtc

 1 FAILED TEST(S)
############################

#id:344#
#input:1111311111#

[  ERROR   ] --- Test failed with exception: Bus error(7)
[  PASSED  ] 0 test(s).
[  FAILED  ] 1 test(s), listed below:
[  FAILED  ] test_juliet_rtc

 1 FAILED TEST(S)
############################

#id:345#
#input:82#

[  PASSED  ] 1 test(s).
############################

#id:346#
#input:1121#

[  PASSED  ] 1 test(s).
############################

#id:347#
#input:119181911#

[  ERROR   ] --- Test failed with exception: Segmentation fault(11)
[  PASSED  ] 0 test(s).
[  FAILED  ] 1 test(s), listed below:
[  FAILED  ] test_juliet_rtc

 1 FAILED TEST(S)
############################

#id:348#
#input:5311#

[  ERROR   ] --- Test failed with exception: Segmentation fault(11)
[  PASSED  ] 0 test(s).
[  FAILED  ] 1 test(s), listed below:
[  FAILED  ] test_juliet_rtc

 1 FAILED TEST(S)
############################

#id:349#
#input:10100#

[  ERROR   ] --- Test failed with exception: Segmentation fault(11)
[  PASSED  ] 0 test(s).
[  FAILED  ] 1 test(s), listed below:
[  FAILED  ] test_juliet_rtc

 1 FAILED TEST(S)
############################

#id:350#
#input:150#

[  PASSED  ] 1 test(s).
############################

#id:351#
#input:37#

[  PASSED  ] 1 test(s).
############################

#id:352#
#input:1136082944#

[  ERROR   ] --- Test failed with exception: Segmentation fault(11)
[  PASSED  ] 0 test(s).
[  FAILED  ] 1 test(s), listed below:
[  FAILED  ] test_juliet_rtc

 1 FAILED TEST(S)
############################

#id:353#
#input:430#

[  PASSED  ] 1 test(s).
############################

#id:354#
#input:-181#

[  PASSED  ] 1 test(s).
############################

#id:355#
#input:-1118811121#

[  PASSED  ] 1 test(s).
############################

#id:356#
#input:38181#

[  ERROR   ] --- Test failed with exception: Segmentation fault(11)
[  PASSED  ] 0 test(s).
[  FAILED  ] 1 test(s), listed below:
[  FAILED  ] test_juliet_rtc

 1 FAILED TEST(S)
############################

#id:357#
#input:11181151#

[  ERROR   ] --- Test failed with exception: Segmentation fault(11)
[  PASSED  ] 0 test(s).
[  FAILED  ] 1 test(s), listed below:
[  FAILED  ] test_juliet_rtc

 1 FAILED TEST(S)
############################

#id:358#
#input:-121#

[  PASSED  ] 1 test(s).
############################

#id:359#
#input:13181#

[  ERROR   ] --- Test failed with exception: Segmentation fault(11)
[  PASSED  ] 0 test(s).
[  FAILED  ] 1 test(s), listed below:
[  FAILED  ] test_juliet_rtc

 1 FAILED TEST(S)
############################

#id:360#
#input:-11111111#

[  PASSED  ] 1 test(s).
############################

#id:361#
#input:-1108#

[  PASSED  ] 1 test(s).
############################

#id:362#
#input:-1454759937#

[  PASSED  ] 1 test(s).
############################

#id:363#
#input:-1594686925#

[  PASSED  ] 1 test(s).
############################

#id:364#
#input:-3181#

[  PASSED  ] 1 test(s).
############################

#id:365#
#input:113#

[  PASSED  ] 1 test(s).
############################

#id:366#
#input:30716349#

[  ERROR   ] --- Test failed with exception: Segmentation fault(11)
[  PASSED  ] 0 test(s).
[  FAILED  ] 1 test(s), listed below:
[  FAILED  ] test_juliet_rtc

 1 FAILED TEST(S)
############################

#id:367#
#input:31181#

[  ERROR   ] --- Test failed with exception: Segmentation fault(11)
[  PASSED  ] 0 test(s).
[  FAILED  ] 1 test(s), listed below:
[  FAILED  ] test_juliet_rtc

 1 FAILED TEST(S)
############################

#id:368#
#input:11111110#

[  ERROR   ] --- Test failed with exception: Segmentation fault(11)
[  PASSED  ] 0 test(s).
[  FAILED  ] 1 test(s), listed below:
[  FAILED  ] test_juliet_rtc

 1 FAILED TEST(S)
############################

#id:369#
#input:1211#

[  PASSED  ] 1 test(s).
############################

#id:370#
#input:3333#

[  PASSED  ] 1 test(s).
############################

#id:371#
#input:1001010#

[  ERROR   ] --- Test failed with exception: Segmentation fault(11)
[  PASSED  ] 0 test(s).
[  FAILED  ] 1 test(s), listed below:
[  FAILED  ] test_juliet_rtc

 1 FAILED TEST(S)
############################

#id:372#
#input:930#

[  PASSED  ] 1 test(s).
############################

#id:373#
#input:-585418553#

[  PASSED  ] 1 test(s).
############################

#id:374#
#input:30716359#

[  ERROR   ] --- Test failed with exception: Segmentation fault(11)
[  PASSED  ] 0 test(s).
[  FAILED  ] 1 test(s), listed below:
[  FAILED  ] test_juliet_rtc

 1 FAILED TEST(S)
############################

#id:375#
#input:1119#

[  PASSED  ] 1 test(s).
############################

#id:376#
#input:-558038585#

[  PASSED  ] 1 test(s).
############################

#id:377#
#input:161161#

[  ERROR   ] --- Test failed with exception: Segmentation fault(11)
[  PASSED  ] 0 test(s).
[  FAILED  ] 1 test(s), listed below:
[  FAILED  ] test_juliet_rtc

 1 FAILED TEST(S)
############################

#id:378#
#input:1510#

[  PASSED  ] 1 test(s).
############################

#id:379#
#input:-1285418553#

[  PASSED  ] 1 test(s).
############################

#id:380#
#input:-1773790777#

[  PASSED  ] 1 test(s).
############################

#id:381#
#input:186#

[  PASSED  ] 1 test(s).
############################

#id:382#
#input:511981#

[  ERROR   ] --- Test failed with exception: Segmentation fault(11)
[  PASSED  ] 0 test(s).
[  FAILED  ] 1 test(s), listed below:
[  FAILED  ] test_juliet_rtc

 1 FAILED TEST(S)
############################

#id:383#
#input:189#

[  PASSED  ] 1 test(s).
############################

#id:384#
#input:-111111#

[  PASSED  ] 1 test(s).
############################

#id:385#
#input:411#

[  PASSED  ] 1 test(s).
############################

#id:386#
#input:1182#

[  PASSED  ] 1 test(s).
############################

#id:387#
#input:16181#

[  ERROR   ] --- Test failed with exception: Segmentation fault(11)
[  PASSED  ] 0 test(s).
[  FAILED  ] 1 test(s), listed below:
[  FAILED  ] test_juliet_rtc

 1 FAILED TEST(S)
############################

#id:388#
#input:2133333#

[  ERROR   ] --- Test failed with exception: Segmentation fault(11)
[  PASSED  ] 0 test(s).
[  FAILED  ] 1 test(s), listed below:
[  FAILED  ] test_juliet_rtc

 1 FAILED TEST(S)
############################

#id:389#
#input:-71#

[  PASSED  ] 1 test(s).
############################

#id:390#
#input:1115#

[  PASSED  ] 1 test(s).
############################

#id:391#
#input:1874919423#

[  ERROR   ] --- Test failed with exception: Segmentation fault(11)
[  PASSED  ] 0 test(s).
[  FAILED  ] 1 test(s), listed below:
[  FAILED  ] test_juliet_rtc

 1 FAILED TEST(S)
############################

#id:392#
#input:11121118#

[  ERROR   ] --- Test failed with exception: Segmentation fault(11)
[  PASSED  ] 0 test(s).
[  FAILED  ] 1 test(s), listed below:
[  FAILED  ] test_juliet_rtc

 1 FAILED TEST(S)
############################

#id:393#
#input:511#

[  PASSED  ] 1 test(s).
############################

#id:394#
#input:-1991058003#

[  PASSED  ] 1 test(s).
############################

#id:395#
#input:108#

[  PASSED  ] 1 test(s).
############################

#id:396#
#input:1191#

[  PASSED  ] 1 test(s).
############################

#id:397#
#input:8111#

[  ERROR   ] --- Test failed with exception: Segmentation fault(11)
[  PASSED  ] 0 test(s).
[  FAILED  ] 1 test(s), listed below:
[  FAILED  ] test_juliet_rtc

 1 FAILED TEST(S)
############################

#id:398#
#input:190#

[  PASSED  ] 1 test(s).
############################

#id:399#
#input:612#

[  PASSED  ] 1 test(s).
############################

#id:400#
#input:119#

[  PASSED  ] 1 test(s).
############################

#id:401#
#input:60#

[  PASSED  ] 1 test(s).
############################

#id:402#
#input:-111118#

[  PASSED  ] 1 test(s).
############################

#id:403#
#input:44444#

[  ERROR   ] --- Test failed with exception: Segmentation fault(11)
[  PASSED  ] 0 test(s).
[  FAILED  ] 1 test(s), listed below:
[  FAILED  ] test_juliet_rtc

 1 FAILED TEST(S)
############################

#id:404#
#input:88888888#

[  ERROR   ] --- Test failed with exception: Segmentation fault(11)
[  PASSED  ] 0 test(s).
[  FAILED  ] 1 test(s), listed below:
[  FAILED  ] test_juliet_rtc

 1 FAILED TEST(S)
############################

#id:405#
#input:188881#

[  ERROR   ] --- Test failed with exception: Segmentation fault(11)
[  PASSED  ] 0 test(s).
[  FAILED  ] 1 test(s), listed below:
[  FAILED  ] test_juliet_rtc

 1 FAILED TEST(S)
############################

#id:406#
#input:-511#

[  PASSED  ] 1 test(s).
############################

#id:407#
#input:-101#

[  PASSED  ] 1 test(s).
############################

#id:408#
#input:99999#

[  ERROR   ] --- Test failed with exception: Segmentation fault(11)
[  PASSED  ] 0 test(s).
[  FAILED  ] 1 test(s), listed below:
[  FAILED  ] test_juliet_rtc

 1 FAILED TEST(S)
############################

#id:409#
#input:40#

[  PASSED  ] 1 test(s).
############################

#id:410#
#input:-1780336413#

[  PASSED  ] 1 test(s).
############################

#id:411#
#input:881181#

[  ERROR   ] --- Test failed with exception: Segmentation fault(11)
[  PASSED  ] 0 test(s).
[  FAILED  ] 1 test(s), listed below:
[  FAILED  ] test_juliet_rtc

 1 FAILED TEST(S)
############################

#id:412#
#input:183183#

[  ERROR   ] --- Test failed with exception: Segmentation fault(11)
[  PASSED  ] 0 test(s).
[  FAILED  ] 1 test(s), listed below:
[  FAILED  ] test_juliet_rtc

 1 FAILED TEST(S)
############################

#id:413#
#input:-1285418483#

[  PASSED  ] 1 test(s).
############################

#id:414#
#input:7777#

[  ERROR   ] --- Test failed with exception: Segmentation fault(11)
[  PASSED  ] 0 test(s).
[  FAILED  ] 1 test(s), listed below:
[  FAILED  ] test_juliet_rtc

 1 FAILED TEST(S)
############################

#id:415#
#input:90#

[  PASSED  ] 1 test(s).
############################

#id:416#
#input:734294470#

[  ERROR   ] --- Test failed with exception: Segmentation fault(11)
[  PASSED  ] 0 test(s).
[  FAILED  ] 1 test(s), listed below:
[  FAILED  ] test_juliet_rtc

 1 FAILED TEST(S)
############################

#id:417#
#input:970#

[  PASSED  ] 1 test(s).
############################

#id:418#
#input:-111811181#

[  PASSED  ] 1 test(s).
############################

#id:419#
#input:-1101#

[  PASSED  ] 1 test(s).
############################

#id:420#
#input:-11181181#

[  PASSED  ] 1 test(s).
############################

#id:421#
#input:-846706916#

[  PASSED  ] 1 test(s).
############################

#id:422#
#input:-5118#

[  PASSED  ] 1 test(s).
############################

#id:423#
#input:-51#

[  PASSED  ] 1 test(s).
############################

#id:424#
#input:307163791#

[  ERROR   ] --- Test failed with exception: Segmentation fault(11)
[  PASSED  ] 0 test(s).
[  FAILED  ] 1 test(s), listed below:
[  FAILED  ] test_juliet_rtc

 1 FAILED TEST(S)
############################

#id:425#
#input:-111181#

[  PASSED  ] 1 test(s).
############################

#id:426#
#input:11138#

[  ERROR   ] --- Test failed with exception: Segmentation fault(11)
[  PASSED  ] 0 test(s).
[  FAILED  ] 1 test(s), listed below:
[  FAILED  ] test_juliet_rtc

 1 FAILED TEST(S)
############################

#id:427#
#input:298954296#

[  ERROR   ] --- Test failed with exception: Segmentation fault(11)
[  PASSED  ] 0 test(s).
[  FAILED  ] 1 test(s), listed below:
[  FAILED  ] test_juliet_rtc

 1 FAILED TEST(S)
############################

#id:428#
#input:777777777#

[  ERROR   ] --- Test failed with exception: Segmentation fault(11)
[  PASSED  ] 0 test(s).
[  FAILED  ] 1 test(s), listed below:
[  FAILED  ] test_juliet_rtc

 1 FAILED TEST(S)
############################

#id:429#
#input:1113811#

[  ERROR   ] --- Test failed with exception: Segmentation fault(11)
[  PASSED  ] 0 test(s).
[  FAILED  ] 1 test(s), listed below:
[  FAILED  ] test_juliet_rtc

 1 FAILED TEST(S)
############################

#id:430#
#input:1888888#

[  ERROR   ] --- Test failed with exception: Segmentation fault(11)
[  PASSED  ] 0 test(s).
[  FAILED  ] 1 test(s), listed below:
[  FAILED  ] test_juliet_rtc

 1 FAILED TEST(S)
############################

#id:431#
#input:11666#

[  ERROR   ] --- Test failed with exception: Segmentation fault(11)
[  PASSED  ] 0 test(s).
[  FAILED  ] 1 test(s), listed below:
[  FAILED  ] test_juliet_rtc

 1 FAILED TEST(S)
############################

#id:432#
#input:5510#

[  ERROR   ] --- Test failed with exception: Segmentation fault(11)
[  PASSED  ] 0 test(s).
[  FAILED  ] 1 test(s), listed below:
[  FAILED  ] test_juliet_rtc

 1 FAILED TEST(S)
############################

#id:433#
#input:11100#

[  ERROR   ] --- Test failed with exception: Segmentation fault(11)
[  PASSED  ] 0 test(s).
[  FAILED  ] 1 test(s), listed below:
[  FAILED  ] test_juliet_rtc

 1 FAILED TEST(S)
############################

#id:434#
#input:911180#

[  ERROR   ] --- Test failed with exception: Segmentation fault(11)
[  PASSED  ] 0 test(s).
[  FAILED  ] 1 test(s), listed below:
[  FAILED  ] test_juliet_rtc

 1 FAILED TEST(S)
############################

#id:435#
#input:221#

[  PASSED  ] 1 test(s).
############################

#id:436#
#input:111088#

[  ERROR   ] --- Test failed with exception: Segmentation fault(11)
[  PASSED  ] 0 test(s).
[  FAILED  ] 1 test(s), listed below:
[  FAILED  ] test_juliet_rtc

 1 FAILED TEST(S)
############################

#id:437#
#input:8181#

[  ERROR   ] --- Test failed with exception: Segmentation fault(11)
[  PASSED  ] 0 test(s).
[  FAILED  ] 1 test(s), listed below:
[  FAILED  ] test_juliet_rtc

 1 FAILED TEST(S)
############################

#id:438#
#input:88018#

[  ERROR   ] --- Test failed with exception: Segmentation fault(11)
[  PASSED  ] 0 test(s).
[  FAILED  ] 1 test(s), listed below:
[  FAILED  ] test_juliet_rtc

 1 FAILED TEST(S)
############################

#id:439#
#input:-1923267926#

[  PASSED  ] 1 test(s).
############################

