[  ERROR   ] --- "" != "%xfixedstring"
[   LINE   ] --- testers/tester_wtt_CWE134_good_rtc.c:41: error: Failure!
[  PASSED  ] 0 test(s).
[  FAILED  ] 1 test(s), listed below:
[  FAILED  ] test_juliet_rtc

 1 FAILED TEST(S)
