[  ERROR   ] --- "60906250fixedstring" != "%xfixedstring"
[   LINE   ] --- /home/raphael/DOCFILES/DoctoralFiles/WeaknessesTestingTool/wtt_juliet/Files/testers/tester_wtt_CWE134_bad_rtc.c:61: error: Failure!
[  PASSED  ] 0 test(s).
[  FAILED  ] 1 test(s), listed below:
[  FAILED  ] test_juliet_rtc

 1 FAILED TEST(S)
